<?xml version="1.0" encoding="UTF-8"?>
<!-- Generated by org.testng.reporters.JUnitReportReporter -->
<testsuite skipped="0" hostname="DESKTOP-J642GMS" name="testfile.TestEcomerce" tests="7" failures="0" timestamp="06 Jul 2018 19:50:47 GMT" time="14.037" errors="0">
  <testcase name="getLink" time="4.370" classname="testfile.TestEcomerce"/>
  <testcase name="verifyTitle" time="0.135" classname="testfile.TestEcomerce"/>
  <testcase name="clickMobile" time="2.614" classname="testfile.TestEcomerce"/>
  <testcase name="sortByName" time="1.096" classname="testfile.TestEcomerce"/>
  <testcase name="comparePrice" time="2.904" classname="testfile.TestEcomerce"/>
  <testcase name="errorVerification" time="2.916" classname="testfile.TestEcomerce"/>
  <testcase name="comparison" time="0.002" classname="testfile.TestEcomerce"/>
</testsuite> <!-- testfile.TestEcomerce -->
