<?xml version="1.0" encoding="UTF-8"?>
<!-- Generated by org.testng.reporters.JUnitReportReporter -->
<testsuite skipped="0" hostname="DESKTOP-J642GMS" name="testfile.TestRobot" tests="1" failures="0" timestamp="06 Jul 2018 19:35:01 GMT" time="1.171" errors="0">
  <testcase name="openUrl" time="1.171" classname="testfile.TestRobot"/>
</testsuite> <!-- testfile.TestRobot -->
